2024-10-31T23:51:48.238+03:00  INFO 13632 --- [Stock] [main] com.example.Stock.StockApplication       : Starting StockApplication using Java 17.0.13 with PID 13632 (E:\Eslam\Stock\target\classes started by Eslam in E:\Eslam\Stock)
2024-10-31T23:51:48.243+03:00  INFO 13632 --- [Stock] [main] com.example.Stock.StockApplication       : No active profile set, falling back to 1 default profile: "default"
2024-10-31T23:51:50.412+03:00  INFO 13632 --- [Stock] [main] .s.d.r.c.RepositoryConfigurationDelegate : Bootstrapping Spring Data JPA repositories in DEFAULT mode.
2024-10-31T23:51:50.611+03:00  INFO 13632 --- [Stock] [main] .s.d.r.c.RepositoryConfigurationDelegate : Finished Spring Data repository scanning in 176 ms. Found 4 JPA repository interfaces.
2024-10-31T23:51:53.263+03:00  INFO 13632 --- [Stock] [main] o.s.b.w.embedded.tomcat.TomcatWebServer  : Tomcat initialized with port 8080 (http)
2024-10-31T23:51:53.313+03:00  INFO 13632 --- [Stock] [main] o.apache.catalina.core.StandardService   : Starting service [Tomcat]
2024-10-31T23:51:53.314+03:00  INFO 13632 --- [Stock] [main] o.apache.catalina.core.StandardEngine    : Starting Servlet engine: [Apache Tomcat/10.1.31]
2024-10-31T23:51:53.512+03:00  INFO 13632 --- [Stock] [main] o.a.c.c.C.[Tomcat].[localhost].[/]       : Initializing Spring embedded WebApplicationContext
2024-10-31T23:51:53.513+03:00  INFO 13632 --- [Stock] [main] w.s.c.ServletWebServerApplicationContext : Root WebApplicationContext: initialization completed in 5162 ms
2024-10-31T23:51:53.928+03:00  INFO 13632 --- [Stock] [main] o.hibernate.jpa.internal.util.LogHelper  : HHH000204: Processing PersistenceUnitInfo [name: default]
2024-10-31T23:51:54.169+03:00  INFO 13632 --- [Stock] [main] org.hibernate.Version                    : HHH000412: Hibernate ORM core version 6.5.3.Final
2024-10-31T23:51:54.297+03:00  INFO 13632 --- [Stock] [main] o.h.c.internal.RegionFactoryInitiator    : HHH000026: Second-level cache disabled
2024-10-31T23:51:55.600+03:00  INFO 13632 --- [Stock] [main] o.s.o.j.p.SpringPersistenceUnitInfo      : No LoadTimeWeaver setup: ignoring JPA class transformer
2024-10-31T23:51:55.762+03:00  INFO 13632 --- [Stock] [main] com.zaxxer.hikari.HikariDataSource       : HikariPool-1 - Starting...
2024-10-31T23:51:56.572+03:00  INFO 13632 --- [Stock] [main] com.zaxxer.hikari.pool.HikariPool        : HikariPool-1 - Added connection org.postgresql.jdbc.PgConnection@55638165
2024-10-31T23:51:56.581+03:00  INFO 13632 --- [Stock] [main] com.zaxxer.hikari.HikariDataSource       : HikariPool-1 - Start completed.
2024-10-31T23:52:01.175+03:00  INFO 13632 --- [Stock] [main] o.h.e.t.j.p.i.JtaPlatformInitiator       : HHH000489: No JTA platform available (set 'hibernate.transaction.jta.platform' to enable JTA platform integration)
2024-10-31T23:52:01.228+03:00  WARN 13632 --- [Stock] [main] o.h.engine.jdbc.spi.SqlExceptionHelper   : SQL Warning Code: 0, SQLState: 00000
2024-10-31T23:52:01.229+03:00  WARN 13632 --- [Stock] [main] o.h.engine.jdbc.spi.SqlExceptionHelper   : relation "stock_exchange_stocks" does not exist, skipping
2024-10-31T23:52:01.230+03:00  WARN 13632 --- [Stock] [main] o.h.engine.jdbc.spi.SqlExceptionHelper   : SQL Warning Code: 0, SQLState: 00000
2024-10-31T23:52:01.231+03:00  WARN 13632 --- [Stock] [main] o.h.engine.jdbc.spi.SqlExceptionHelper   : relation "stock_exchange_stocks" does not exist, skipping
2024-10-31T23:52:01.232+03:00  WARN 13632 --- [Stock] [main] o.h.engine.jdbc.spi.SqlExceptionHelper   : SQL Warning Code: 0, SQLState: 00000
2024-10-31T23:52:01.233+03:00  WARN 13632 --- [Stock] [main] o.h.engine.jdbc.spi.SqlExceptionHelper   : relation "tokens" does not exist, skipping
2024-10-31T23:52:01.235+03:00  WARN 13632 --- [Stock] [main] o.h.engine.jdbc.spi.SqlExceptionHelper   : SQL Warning Code: 0, SQLState: 00000
2024-10-31T23:52:01.235+03:00  WARN 13632 --- [Stock] [main] o.h.engine.jdbc.spi.SqlExceptionHelper   : table "stock_exchange_stocks" does not exist, skipping
2024-10-31T23:52:01.237+03:00  WARN 13632 --- [Stock] [main] o.h.engine.jdbc.spi.SqlExceptionHelper   : SQL Warning Code: 0, SQLState: 00000
2024-10-31T23:52:01.238+03:00  WARN 13632 --- [Stock] [main] o.h.engine.jdbc.spi.SqlExceptionHelper   : table "stock_exchanges" does not exist, skipping
2024-10-31T23:52:01.240+03:00  WARN 13632 --- [Stock] [main] o.h.engine.jdbc.spi.SqlExceptionHelper   : SQL Warning Code: 0, SQLState: 00000
2024-10-31T23:52:01.241+03:00  WARN 13632 --- [Stock] [main] o.h.engine.jdbc.spi.SqlExceptionHelper   : table "stocks" does not exist, skipping
2024-10-31T23:52:01.243+03:00  WARN 13632 --- [Stock] [main] o.h.engine.jdbc.spi.SqlExceptionHelper   : SQL Warning Code: 0, SQLState: 00000
2024-10-31T23:52:01.244+03:00  WARN 13632 --- [Stock] [main] o.h.engine.jdbc.spi.SqlExceptionHelper   : table "tokens" does not exist, skipping
2024-10-31T23:52:01.245+03:00  WARN 13632 --- [Stock] [main] o.h.engine.jdbc.spi.SqlExceptionHelper   : SQL Warning Code: 0, SQLState: 00000
2024-10-31T23:52:01.246+03:00  WARN 13632 --- [Stock] [main] o.h.engine.jdbc.spi.SqlExceptionHelper   : table "users" does not exist, skipping
2024-10-31T23:52:01.247+03:00  WARN 13632 --- [Stock] [main] o.h.engine.jdbc.spi.SqlExceptionHelper   : SQL Warning Code: 0, SQLState: 00000
2024-10-31T23:52:01.248+03:00  WARN 13632 --- [Stock] [main] o.h.engine.jdbc.spi.SqlExceptionHelper   : sequence "stock_exchanges_seq" does not exist, skipping
2024-10-31T23:52:01.249+03:00  WARN 13632 --- [Stock] [main] o.h.engine.jdbc.spi.SqlExceptionHelper   : SQL Warning Code: 0, SQLState: 00000
2024-10-31T23:52:01.250+03:00  WARN 13632 --- [Stock] [main] o.h.engine.jdbc.spi.SqlExceptionHelper   : sequence "stocks_seq" does not exist, skipping
2024-10-31T23:52:01.252+03:00  WARN 13632 --- [Stock] [main] o.h.engine.jdbc.spi.SqlExceptionHelper   : SQL Warning Code: 0, SQLState: 00000
2024-10-31T23:52:01.253+03:00  WARN 13632 --- [Stock] [main] o.h.engine.jdbc.spi.SqlExceptionHelper   : sequence "tokens_seq" does not exist, skipping
2024-10-31T23:52:01.254+03:00  WARN 13632 --- [Stock] [main] o.h.engine.jdbc.spi.SqlExceptionHelper   : SQL Warning Code: 0, SQLState: 00000
2024-10-31T23:52:01.255+03:00  WARN 13632 --- [Stock] [main] o.h.engine.jdbc.spi.SqlExceptionHelper   : sequence "users_seq" does not exist, skipping
2024-10-31T23:52:01.367+03:00  INFO 13632 --- [Stock] [main] j.LocalContainerEntityManagerFactoryBean : Initialized JPA EntityManagerFactory for persistence unit 'default'
2024-10-31T23:52:02.540+03:00  INFO 13632 --- [Stock] [main] o.s.d.j.r.query.QueryEnhancerFactory     : Hibernate is in classpath; If applicable, HQL parser will be used.
2024-10-31T23:52:04.371+03:00  INFO 13632 --- [Stock] [main] eAuthenticationProviderManagerConfigurer : Global AuthenticationManager configured with AuthenticationProvider bean with name authenticationProvider
2024-10-31T23:52:04.374+03:00  WARN 13632 --- [Stock] [main] r$InitializeUserDetailsManagerConfigurer : Global AuthenticationManager configured with an AuthenticationProvider bean. UserDetailsService beans will not be used for username/password login. Consider removing the AuthenticationProvider bean. Alternatively, consider using the UserDetailsService in a manually instantiated DaoAuthenticationProvider.
2024-10-31T23:52:04.619+03:00  WARN 13632 --- [Stock] [main] JpaBaseConfiguration$JpaWebConfiguration : spring.jpa.open-in-view is enabled by default. Therefore, database queries may be performed during view rendering. Explicitly configure spring.jpa.open-in-view to disable this warning
2024-10-31T23:52:06.893+03:00  INFO 13632 --- [Stock] [main] o.s.b.w.embedded.tomcat.TomcatWebServer  : Tomcat started on port 8080 (http) with context path '/'
2024-10-31T23:52:06.929+03:00  INFO 13632 --- [Stock] [main] com.example.Stock.StockApplication       : Started StockApplication in 19.791 seconds (process running for 20.86)
2024-10-31T23:52:27.745+03:00  INFO 13632 --- [Stock] [http-nio-8080-exec-1] o.a.c.c.C.[Tomcat].[localhost].[/]       : Initializing Spring DispatcherServlet 'dispatcherServlet'
2024-10-31T23:52:27.745+03:00  INFO 13632 --- [Stock] [http-nio-8080-exec-1] o.s.web.servlet.DispatcherServlet        : Initializing Servlet 'dispatcherServlet'
2024-10-31T23:52:27.749+03:00  INFO 13632 --- [Stock] [http-nio-8080-exec-1] o.s.web.servlet.DispatcherServlet        : Completed initialization in 3 ms
2024-10-31T23:55:28.180+03:00  INFO 13632 --- [Stock] [http-nio-8080-exec-10] c.e.Stock.Controller.StockController     : Enter
2024-10-31T23:55:28.218+03:00  INFO 13632 --- [Stock] [http-nio-8080-exec-10] c.e.Stock.Controller.StockController     : response is GeneralResponse(code=SUC000, message=Operation completed successfully)
2024-10-31T23:55:28.219+03:00  INFO 13632 --- [Stock] [http-nio-8080-exec-10] c.e.Stock.Controller.StockController     : Exit
2024-10-31T23:58:34.071+03:00  INFO 13632 --- [Stock] [SpringApplicationShutdownHook] j.LocalContainerEntityManagerFactoryBean : Closing JPA EntityManagerFactory for persistence unit 'default'
2024-10-31T23:58:34.166+03:00  INFO 13632 --- [Stock] [SpringApplicationShutdownHook] com.zaxxer.hikari.HikariDataSource       : HikariPool-1 - Shutdown initiated...
2024-10-31T23:58:34.172+03:00  INFO 13632 --- [Stock] [SpringApplicationShutdownHook] com.zaxxer.hikari.HikariDataSource       : HikariPool-1 - Shutdown completed.
2024-10-31T23:58:44.382+03:00  INFO 332 --- [Stock] [main] com.example.Stock.StockApplication       : Starting StockApplication using Java 17.0.13 with PID 332 (E:\Eslam\Stock\target\classes started by Eslam in E:\Eslam\Stock)
2024-10-31T23:58:44.386+03:00  INFO 332 --- [Stock] [main] com.example.Stock.StockApplication       : No active profile set, falling back to 1 default profile: "default"
2024-10-31T23:58:46.061+03:00  INFO 332 --- [Stock] [main] .s.d.r.c.RepositoryConfigurationDelegate : Bootstrapping Spring Data JPA repositories in DEFAULT mode.
2024-10-31T23:58:46.224+03:00  INFO 332 --- [Stock] [main] .s.d.r.c.RepositoryConfigurationDelegate : Finished Spring Data repository scanning in 145 ms. Found 4 JPA repository interfaces.
2024-10-31T23:58:47.913+03:00  INFO 332 --- [Stock] [main] o.s.b.w.embedded.tomcat.TomcatWebServer  : Tomcat initialized with port 8080 (http)
2024-10-31T23:58:47.940+03:00  INFO 332 --- [Stock] [main] o.apache.catalina.core.StandardService   : Starting service [Tomcat]
2024-10-31T23:58:47.940+03:00  INFO 332 --- [Stock] [main] o.apache.catalina.core.StandardEngine    : Starting Servlet engine: [Apache Tomcat/10.1.31]
2024-10-31T23:58:48.071+03:00  INFO 332 --- [Stock] [main] o.a.c.c.C.[Tomcat].[localhost].[/]       : Initializing Spring embedded WebApplicationContext
2024-10-31T23:58:48.071+03:00  INFO 332 --- [Stock] [main] w.s.c.ServletWebServerApplicationContext : Root WebApplicationContext: initialization completed in 3571 ms
2024-10-31T23:58:48.374+03:00  INFO 332 --- [Stock] [main] o.hibernate.jpa.internal.util.LogHelper  : HHH000204: Processing PersistenceUnitInfo [name: default]
2024-10-31T23:58:48.517+03:00  INFO 332 --- [Stock] [main] org.hibernate.Version                    : HHH000412: Hibernate ORM core version 6.5.3.Final
2024-10-31T23:58:48.592+03:00  INFO 332 --- [Stock] [main] o.h.c.internal.RegionFactoryInitiator    : HHH000026: Second-level cache disabled
2024-10-31T23:58:49.244+03:00  INFO 332 --- [Stock] [main] o.s.o.j.p.SpringPersistenceUnitInfo      : No LoadTimeWeaver setup: ignoring JPA class transformer
2024-10-31T23:58:49.335+03:00  INFO 332 --- [Stock] [main] com.zaxxer.hikari.HikariDataSource       : HikariPool-1 - Starting...
2024-10-31T23:58:49.721+03:00  INFO 332 --- [Stock] [main] com.zaxxer.hikari.pool.HikariPool        : HikariPool-1 - Added connection org.postgresql.jdbc.PgConnection@1fc1c7e
2024-10-31T23:58:49.724+03:00  INFO 332 --- [Stock] [main] com.zaxxer.hikari.HikariDataSource       : HikariPool-1 - Start completed.
2024-10-31T23:58:52.366+03:00  INFO 332 --- [Stock] [main] o.h.e.t.j.p.i.JtaPlatformInitiator       : HHH000489: No JTA platform available (set 'hibernate.transaction.jta.platform' to enable JTA platform integration)
2024-10-31T23:58:52.553+03:00  WARN 332 --- [Stock] [main] o.h.engine.jdbc.spi.SqlExceptionHelper   : SQL Warning Code: 0, SQLState: 00000
2024-10-31T23:58:52.554+03:00  WARN 332 --- [Stock] [main] o.h.engine.jdbc.spi.SqlExceptionHelper   : constraint "ukfdcogcb3ue8i5o09om5xoersi" of relation "stock_exchanges" does not exist, skipping
2024-10-31T23:58:52.559+03:00  WARN 332 --- [Stock] [main] o.h.engine.jdbc.spi.SqlExceptionHelper   : SQL Warning Code: 0, SQLState: 00000
2024-10-31T23:58:52.559+03:00  WARN 332 --- [Stock] [main] o.h.engine.jdbc.spi.SqlExceptionHelper   : constraint "ukna3v9f8s7ucnj16tylrs822qj" of relation "tokens" does not exist, skipping
2024-10-31T23:58:52.600+03:00  INFO 332 --- [Stock] [main] j.LocalContainerEntityManagerFactoryBean : Initialized JPA EntityManagerFactory for persistence unit 'default'
2024-10-31T23:58:53.327+03:00  INFO 332 --- [Stock] [main] o.s.d.j.r.query.QueryEnhancerFactory     : Hibernate is in classpath; If applicable, HQL parser will be used.
2024-10-31T23:58:54.335+03:00  INFO 332 --- [Stock] [main] eAuthenticationProviderManagerConfigurer : Global AuthenticationManager configured with AuthenticationProvider bean with name authenticationProvider
2024-10-31T23:58:54.337+03:00  WARN 332 --- [Stock] [main] r$InitializeUserDetailsManagerConfigurer : Global AuthenticationManager configured with an AuthenticationProvider bean. UserDetailsService beans will not be used for username/password login. Consider removing the AuthenticationProvider bean. Alternatively, consider using the UserDetailsService in a manually instantiated DaoAuthenticationProvider.
2024-10-31T23:58:54.481+03:00  WARN 332 --- [Stock] [main] JpaBaseConfiguration$JpaWebConfiguration : spring.jpa.open-in-view is enabled by default. Therefore, database queries may be performed during view rendering. Explicitly configure spring.jpa.open-in-view to disable this warning
2024-10-31T23:58:55.716+03:00  INFO 332 --- [Stock] [main] o.s.b.w.embedded.tomcat.TomcatWebServer  : Tomcat started on port 8080 (http) with context path '/'
2024-10-31T23:58:55.734+03:00  INFO 332 --- [Stock] [main] com.example.Stock.StockApplication       : Started StockApplication in 12.292 seconds (process running for 13.281)
2024-10-31T23:59:01.658+03:00  INFO 332 --- [Stock] [http-nio-8080-exec-2] o.a.c.c.C.[Tomcat].[localhost].[/]       : Initializing Spring DispatcherServlet 'dispatcherServlet'
2024-10-31T23:59:01.659+03:00  INFO 332 --- [Stock] [http-nio-8080-exec-2] o.s.web.servlet.DispatcherServlet        : Initializing Servlet 'dispatcherServlet'
2024-10-31T23:59:01.663+03:00  INFO 332 --- [Stock] [http-nio-8080-exec-2] o.s.web.servlet.DispatcherServlet        : Completed initialization in 3 ms
2024-10-31T23:59:02.283+03:00 ERROR 332 --- [Stock] [http-nio-8080-exec-2] o.a.c.c.C.[.[.[/].[dispatcherServlet]    : Servlet.service() for servlet [dispatcherServlet] in context with path [] threw exception

org.springframework.security.core.userdetails.UsernameNotFoundException: User not found
	at com.example.Stock.utils.ApplicationConfig.lambda$userDetailsService$0(ApplicationConfig.java:30) ~[classes/:na]
	at java.base/java.util.Optional.orElseThrow(Optional.java:403) ~[na:na]
	at com.example.Stock.utils.ApplicationConfig.lambda$userDetailsService$1(ApplicationConfig.java:30) ~[classes/:na]
	at com.example.Stock.auth.utils.JwtAuthenticationFilter.doFilterInternal(JwtAuthenticationFilter.java:50) ~[classes/:na]
	at org.springframework.web.filter.OncePerRequestFilter.doFilter(OncePerRequestFilter.java:116) ~[spring-web-6.1.14.jar:6.1.14]
	at org.springframework.security.web.FilterChainProxy$VirtualFilterChain.doFilter(FilterChainProxy.java:374) ~[spring-security-web-6.3.4.jar:6.3.4]
	at org.springframework.security.web.authentication.logout.LogoutFilter.doFilter(LogoutFilter.java:107) ~[spring-security-web-6.3.4.jar:6.3.4]
	at org.springframework.security.web.authentication.logout.LogoutFilter.doFilter(LogoutFilter.java:93) ~[spring-security-web-6.3.4.jar:6.3.4]
	at org.springframework.security.web.FilterChainProxy$VirtualFilterChain.doFilter(FilterChainProxy.java:374) ~[spring-security-web-6.3.4.jar:6.3.4]
	at org.springframework.security.web.header.HeaderWriterFilter.doHeadersAfter(HeaderWriterFilter.java:90) ~[spring-security-web-6.3.4.jar:6.3.4]
	at org.springframework.security.web.header.HeaderWriterFilter.doFilterInternal(HeaderWriterFilter.java:75) ~[spring-security-web-6.3.4.jar:6.3.4]
	at org.springframework.web.filter.OncePerRequestFilter.doFilter(OncePerRequestFilter.java:116) ~[spring-web-6.1.14.jar:6.1.14]
	at org.springframework.security.web.FilterChainProxy$VirtualFilterChain.doFilter(FilterChainProxy.java:374) ~[spring-security-web-6.3.4.jar:6.3.4]
	at org.springframework.security.web.context.SecurityContextHolderFilter.doFilter(SecurityContextHolderFilter.java:82) ~[spring-security-web-6.3.4.jar:6.3.4]
	at org.springframework.security.web.context.SecurityContextHolderFilter.doFilter(SecurityContextHolderFilter.java:69) ~[spring-security-web-6.3.4.jar:6.3.4]
	at org.springframework.security.web.FilterChainProxy$VirtualFilterChain.doFilter(FilterChainProxy.java:374) ~[spring-security-web-6.3.4.jar:6.3.4]
	at org.springframework.security.web.context.request.async.WebAsyncManagerIntegrationFilter.doFilterInternal(WebAsyncManagerIntegrationFilter.java:62) ~[spring-security-web-6.3.4.jar:6.3.4]
	at org.springframework.web.filter.OncePerRequestFilter.doFilter(OncePerRequestFilter.java:116) ~[spring-web-6.1.14.jar:6.1.14]
	at org.springframework.security.web.FilterChainProxy$VirtualFilterChain.doFilter(FilterChainProxy.java:374) ~[spring-security-web-6.3.4.jar:6.3.4]
	at org.springframework.security.web.session.DisableEncodeUrlFilter.doFilterInternal(DisableEncodeUrlFilter.java:42) ~[spring-security-web-6.3.4.jar:6.3.4]
	at org.springframework.web.filter.OncePerRequestFilter.doFilter(OncePerRequestFilter.java:116) ~[spring-web-6.1.14.jar:6.1.14]
	at org.springframework.security.web.FilterChainProxy$VirtualFilterChain.doFilter(FilterChainProxy.java:374) ~[spring-security-web-6.3.4.jar:6.3.4]
	at org.springframework.security.web.FilterChainProxy.doFilterInternal(FilterChainProxy.java:233) ~[spring-security-web-6.3.4.jar:6.3.4]
	at org.springframework.security.web.FilterChainProxy.doFilter(FilterChainProxy.java:191) ~[spring-security-web-6.3.4.jar:6.3.4]
	at org.springframework.web.filter.CompositeFilter$VirtualFilterChain.doFilter(CompositeFilter.java:113) ~[spring-web-6.1.14.jar:6.1.14]
	at org.springframework.web.servlet.handler.HandlerMappingIntrospector.lambda$createCacheFilter$3(HandlerMappingIntrospector.java:195) ~[spring-webmvc-6.1.14.jar:6.1.14]
	at org.springframework.web.filter.CompositeFilter$VirtualFilterChain.doFilter(CompositeFilter.java:113) ~[spring-web-6.1.14.jar:6.1.14]
	at org.springframework.web.filter.CompositeFilter.doFilter(CompositeFilter.java:74) ~[spring-web-6.1.14.jar:6.1.14]
	at org.springframework.security.config.annotation.web.configuration.WebMvcSecurityConfiguration$CompositeFilterChainProxy.doFilter(WebMvcSecurityConfiguration.java:230) ~[spring-security-config-6.3.4.jar:6.3.4]
	at org.springframework.web.filter.DelegatingFilterProxy.invokeDelegate(DelegatingFilterProxy.java:362) ~[spring-web-6.1.14.jar:6.1.14]
	at org.springframework.web.filter.DelegatingFilterProxy.doFilter(DelegatingFilterProxy.java:278) ~[spring-web-6.1.14.jar:6.1.14]
	at org.apache.catalina.core.ApplicationFilterChain.internalDoFilter(ApplicationFilterChain.java:164) ~[tomcat-embed-core-10.1.31.jar:10.1.31]
	at org.apache.catalina.core.ApplicationFilterChain.doFilter(ApplicationFilterChain.java:140) ~[tomcat-embed-core-10.1.31.jar:10.1.31]
	at org.springframework.web.filter.RequestContextFilter.doFilterInternal(RequestContextFilter.java:100) ~[spring-web-6.1.14.jar:6.1.14]
	at org.springframework.web.filter.OncePerRequestFilter.doFilter(OncePerRequestFilter.java:116) ~[spring-web-6.1.14.jar:6.1.14]
	at org.apache.catalina.core.ApplicationFilterChain.internalDoFilter(ApplicationFilterChain.java:164) ~[tomcat-embed-core-10.1.31.jar:10.1.31]
	at org.apache.catalina.core.ApplicationFilterChain.doFilter(ApplicationFilterChain.java:140) ~[tomcat-embed-core-10.1.31.jar:10.1.31]
	at org.springframework.web.filter.FormContentFilter.doFilterInternal(FormContentFilter.java:93) ~[spring-web-6.1.14.jar:6.1.14]
	at org.springframework.web.filter.OncePerRequestFilter.doFilter(OncePerRequestFilter.java:116) ~[spring-web-6.1.14.jar:6.1.14]
	at org.apache.catalina.core.ApplicationFilterChain.internalDoFilter(ApplicationFilterChain.java:164) ~[tomcat-embed-core-10.1.31.jar:10.1.31]
	at org.apache.catalina.core.ApplicationFilterChain.doFilter(ApplicationFilterChain.java:140) ~[tomcat-embed-core-10.1.31.jar:10.1.31]
	at org.springframework.web.filter.CharacterEncodingFilter.doFilterInternal(CharacterEncodingFilter.java:201) ~[spring-web-6.1.14.jar:6.1.14]
	at org.springframework.web.filter.OncePerRequestFilter.doFilter(OncePerRequestFilter.java:116) ~[spring-web-6.1.14.jar:6.1.14]
	at org.apache.catalina.core.ApplicationFilterChain.internalDoFilter(ApplicationFilterChain.java:164) ~[tomcat-embed-core-10.1.31.jar:10.1.31]
	at org.apache.catalina.core.ApplicationFilterChain.doFilter(ApplicationFilterChain.java:140) ~[tomcat-embed-core-10.1.31.jar:10.1.31]
	at org.apache.catalina.core.StandardWrapperValve.invoke(StandardWrapperValve.java:167) ~[tomcat-embed-core-10.1.31.jar:10.1.31]
	at org.apache.catalina.core.StandardContextValve.invoke(StandardContextValve.java:90) ~[tomcat-embed-core-10.1.31.jar:10.1.31]
	at org.apache.catalina.authenticator.AuthenticatorBase.invoke(AuthenticatorBase.java:483) ~[tomcat-embed-core-10.1.31.jar:10.1.31]
	at org.apache.catalina.core.StandardHostValve.invoke(StandardHostValve.java:115) ~[tomcat-embed-core-10.1.31.jar:10.1.31]
	at org.apache.catalina.valves.ErrorReportValve.invoke(ErrorReportValve.java:93) ~[tomcat-embed-core-10.1.31.jar:10.1.31]
	at org.apache.catalina.core.StandardEngineValve.invoke(StandardEngineValve.java:74) ~[tomcat-embed-core-10.1.31.jar:10.1.31]
	at org.apache.catalina.connector.CoyoteAdapter.service(CoyoteAdapter.java:344) ~[tomcat-embed-core-10.1.31.jar:10.1.31]
	at org.apache.coyote.http11.Http11Processor.service(Http11Processor.java:384) ~[tomcat-embed-core-10.1.31.jar:10.1.31]
	at org.apache.coyote.AbstractProcessorLight.process(AbstractProcessorLight.java:63) ~[tomcat-embed-core-10.1.31.jar:10.1.31]
	at org.apache.coyote.AbstractProtocol$ConnectionHandler.process(AbstractProtocol.java:905) ~[tomcat-embed-core-10.1.31.jar:10.1.31]
	at org.apache.tomcat.util.net.NioEndpoint$SocketProcessor.doRun(NioEndpoint.java:1741) ~[tomcat-embed-core-10.1.31.jar:10.1.31]
	at org.apache.tomcat.util.net.SocketProcessorBase.run(SocketProcessorBase.java:52) ~[tomcat-embed-core-10.1.31.jar:10.1.31]
	at org.apache.tomcat.util.threads.ThreadPoolExecutor.runWorker(ThreadPoolExecutor.java:1190) ~[tomcat-embed-core-10.1.31.jar:10.1.31]
	at org.apache.tomcat.util.threads.ThreadPoolExecutor$Worker.run(ThreadPoolExecutor.java:659) ~[tomcat-embed-core-10.1.31.jar:10.1.31]
	at org.apache.tomcat.util.threads.TaskThread$WrappingRunnable.run(TaskThread.java:63) ~[tomcat-embed-core-10.1.31.jar:10.1.31]
	at java.base/java.lang.Thread.run(Thread.java:840) ~[na:na]

2024-10-31T23:59:51.280+03:00  INFO 332 --- [Stock] [http-nio-8080-exec-9] c.e.Stock.Controller.StockController     : Enter
2024-10-31T23:59:51.364+03:00  INFO 332 --- [Stock] [http-nio-8080-exec-9] c.e.Stock.Controller.StockController     : response is SuccessListResponse{message: Operation completed successfully, code: SUC000, count: 0, data: []}
2024-10-31T23:59:51.365+03:00  INFO 332 --- [Stock] [http-nio-8080-exec-9] c.e.Stock.Controller.StockController     : Exit
